kotlin version: 2.2.21
error message: java.lang.OutOfMemoryError: Java heap space
	at org.jetbrains.kotlin.incremental.storage.ProtoMapValueExternalizer.read(externalizers.kt:138)
	at org.jetbrains.kotlin.incremental.storage.ProtoMapValueExternalizer.read(externalizers.kt:120)
	at org.jetbrains.kotlin.com.intellij.util.io.PersistentMapImpl.doGet(PersistentMapImpl.java:688)
	at org.jetbrains.kotlin.com.intellij.util.io.PersistentMapImpl.get(PersistentMapImpl.java:621)
	at org.jetbrains.kotlin.com.intellij.util.io.PersistentHashMap.get(PersistentHashMap.java:197)
	at org.jetbrains.kotlin.incremental.storage.LazyStorage.get(LazyStorage.kt:76)
	at org.jetbrains.kotlin.incremental.storage.InMemoryStorage.get(InMemoryStorage.kt:68)
	at org.jetbrains.kotlin.incremental.IncrementalJvmCache$ProtoMap.get(IncrementalJvmCache.kt:415)
	at org.jetbrains.kotlin.incremental.IncrementalJvmCache.getModuleMappingData(IncrementalJvmCache.kt:358)
	at org.jetbrains.kotlin.load.kotlin.incremental.IncrementalPackagePartProvider.moduleMappings_delegate$lambda$0(IncrementalPackagePartProvider.kt:43)
	at org.jetbrains.kotlin.load.kotlin.incremental.IncrementalPackagePartProvider$$Lambda/0x00007da1b05a4b30.invoke(Unknown Source)
	at kotlin.SynchronizedLazyImpl.getValue(LazyJVM.kt:86)
	at org.jetbrains.kotlin.load.kotlin.incremental.IncrementalPackagePartProvider.getModuleMappings(IncrementalPackagePartProvider.kt:41)
	at org.jetbrains.kotlin.load.kotlin.incremental.IncrementalPackagePartProvider.allPackageNames_delegate$lambda$0(IncrementalPackagePartProvider.kt:58)
	at org.jetbrains.kotlin.load.kotlin.incremental.IncrementalPackagePartProvider$$Lambda/0x00007da1b05a4d58.invoke(Unknown Source)
	at kotlin.SynchronizedLazyImpl.getValue(LazyJVM.kt:86)
	at org.jetbrains.kotlin.load.kotlin.incremental.IncrementalPackagePartProvider.getAllPackageNames(IncrementalPackagePartProvider.kt:55)
	at org.jetbrains.kotlin.load.kotlin.incremental.IncrementalPackagePartProvider.computePackageSetWithNonClassDeclarations(IncrementalPackagePartProvider.kt:62)
	at org.jetbrains.kotlin.fir.java.deserialization.JvmClassFileBasedSymbolProvider.computePackageSetWithNonClassDeclarations(JvmClassFileBasedSymbolProvider.kt:135)
	at org.jetbrains.kotlin.fir.deserialization.AbstractFirDeserializedSymbolProvider.packageNamesForNonClassDeclarations_delegate$lambda$0(AbstractFirDeserializedSymbolProvider.kt:108)
	at org.jetbrains.kotlin.fir.deserialization.AbstractFirDeserializedSymbolProvider$$Lambda/0x00007da1b05342c0.invoke(Unknown Source)
	at kotlin.SafePublicationLazyImpl.getValue(LazyJVM.kt:125)
	at org.jetbrains.kotlin.fir.deserialization.AbstractFirDeserializedSymbolProvider.getPackageNamesForNonClassDeclarations(AbstractFirDeserializedSymbolProvider.kt:107)
	at org.jetbrains.kotlin.fir.deserialization.AbstractFirDeserializedSymbolProvider.access$getPackageNamesForNonClassDeclarations(AbstractFirDeserializedSymbolProvider.kt:94)
	at org.jetbrains.kotlin.fir.deserialization.AbstractFirDeserializedSymbolProvider$symbolNamesProvider$1.computeTopLevelClassifierNames(AbstractFirDeserializedSymbolProvider.kt:121)
	at org.jetbrains.kotlin.fir.resolve.providers.FirCachedSymbolNamesProvider$topLevelClassifierNamesByPackage_delegate$lambda$0$$inlined$createCache$1.invoke(FirCachesFactory.kt:163)
	at org.jetbrains.kotlin.fir.resolve.providers.FirCachedSymbolNamesProvider$topLevelClassifierNamesByPackage_delegate$lambda$0$$inlined$createCache$1.invoke(FirCachesFactory.kt:147)
	at org.jetbrains.kotlin.fir.caches.FirThreadUnsafeCache.getValue(FirThreadUnsafeCachesFactory.kt:57)
	at org.jetbrains.kotlin.fir.resolve.providers.FirCachedSymbolNamesProvider.getTopLevelClassifierNamesInPackageSkippingPackageCheck(FirCachedSymbolNamesProvider.kt:189)
	at org.jetbrains.kotlin.fir.resolve.providers.FirCachedSymbolNamesProvider.getTopLevelClassifierNamesInPackage(FirCachedSymbolNamesProvider.kt:95)
	at org.jetbrains.kotlin.fir.resolve.providers.FirCompositeCachedSymbolNamesProvider.computeTopLevelClassifierNames(FirCachedSymbolNamesProvider.kt:153)
	at org.jetbrains.kotlin.fir.resolve.providers.impl.FirCachingCompositeSymbolProvider$symbolNamesProvider$1.computeTopLevelClassifierNames(FirCachingCompositeSymbolProvider.kt:47)


