kotlin version: 2.2.21
error message: org.jetbrains.kotlin.util.FileAnalysisException: Somewhere in file /home/vishv/Projects/Velocity/build-logic/build/generated-sources/kotlin-dsl-accessors/kotlin/gradle/kotlin/dsl/accessors/_082a9fc563e27823fee7f4ceb5b5d1a3/CheckstyleConfigurationAccessors.kt: java.lang.AssertionError: java.lang.OutOfMemoryError: Java heap space
	at org.jetbrains.kotlin.util.AnalysisExceptionsKt.wrapIntoFileAnalysisExceptionIfNeeded(AnalysisExceptions.kt:62)
	at org.jetbrains.kotlin.fir.FirCliExceptionHandler.handleExceptionOnFileAnalysis(Utils.kt:267)
	at org.jetbrains.kotlin.fir.resolve.transformers.plugin.AbstractFirSpecificAnnotationResolveTransformer.withFileAndFileScopes(AbstractFirSpecificAnnotationResolveTransformer.kt:827)
	at org.jetbrains.kotlin.fir.resolve.transformers.plugin.AbstractFirSpecificAnnotationResolveTransformer.transformFile(AbstractFirSpecificAnnotationResolveTransformer.kt:787)
	at org.jetbrains.kotlin.fir.resolve.transformers.plugin.AbstractFirSpecificAnnotationResolveTransformer.transformFile(AbstractFirSpecificAnnotationResolveTransformer.kt:43)
	at org.jetbrains.kotlin.fir.declarations.FirFile.transform(FirFile.kt:47)
	at org.jetbrains.kotlin.fir.resolve.transformers.plugin.AbstractFirCompilerRequiredAnnotationsResolveTransformer.resolveAnnotations(FirCompilerRequiredAnnotationsResolveTransformer.kt:146)
	at org.jetbrains.kotlin.fir.resolve.transformers.plugin.AbstractFirCompilerRequiredAnnotationsResolveTransformer.transformFile(FirCompilerRequiredAnnotationsResolveTransformer.kt:131)
	at org.jetbrains.kotlin.fir.resolve.transformers.plugin.AbstractFirCompilerRequiredAnnotationsResolveTransformer.transformFile(FirCompilerRequiredAnnotationsResolveTransformer.kt:116)
	at org.jetbrains.kotlin.fir.declarations.FirFile.transform(FirFile.kt:47)
	at org.jetbrains.kotlin.fir.visitors.FirTransformerUtilKt.transformSingle(FirTransformerUtil.kt:13)
	at org.jetbrains.kotlin.fir.resolve.transformers.plugin.FirCompilerRequiredAnnotationsResolveProcessor.process(FirCompilerRequiredAnnotationsResolveTransformer.kt:87)
	at org.jetbrains.kotlin.fir.resolve.transformers.FirTotalResolveProcessor.process(FirTotalResolveProcessor.kt:41)
	at org.jetbrains.kotlin.fir.pipeline.AnalyseKt.runResolution(analyse.kt:24)
	at org.jetbrains.kotlin.fir.pipeline.FirUtilsKt.resolveAndCheckFir(firUtils.kt:76)
	at org.jetbrains.kotlin.cli.pipeline.jvm.JvmFrontendPipelinePhase.executePhase(JvmFrontendPipelinePhase.kt:165)
	at org.jetbrains.kotlin.cli.pipeline.jvm.JvmFrontendPipelinePhase.executePhase(JvmFrontendPipelinePhase.kt:47)
	at org.jetbrains.kotlin.cli.pipeline.PipelinePhase.phaseBody(PipelinePhase.kt:68)
	at org.jetbrains.kotlin.cli.pipeline.PipelinePhase.phaseBody(PipelinePhase.kt:58)
	at org.jetbrains.kotlin.config.phaser.NamedCompilerPhase.invoke(CompilerPhase.kt:102)
	at org.jetbrains.kotlin.backend.common.phaser.CompositePhase.invoke(PhaseBuilders.kt:22)
	at org.jetbrains.kotlin.config.phaser.CompilerPhaseKt.invokeToplevel(CompilerPhase.kt:53)
	at org.jetbrains.kotlin.cli.pipeline.AbstractCliPipeline.runPhasedPipeline(AbstractCliPipeline.kt:109)
	at org.jetbrains.kotlin.cli.pipeline.AbstractCliPipeline.execute(AbstractCliPipeline.kt:68)
	at org.jetbrains.kotlin.cli.jvm.K2JVMCompiler.doExecutePhased(K2JVMCompiler.kt:79)
	at org.jetbrains.kotlin.cli.jvm.K2JVMCompiler.doExecutePhased(K2JVMCompiler.kt:45)
	at org.jetbrains.kotlin.cli.common.CLICompiler.execImpl(CLICompiler.kt:90)
	at org.jetbrains.kotlin.cli.common.CLICompiler.exec(CLICompiler.kt:352)
	at org.jetbrains.kotlin.incremental.IncrementalJvmCompilerRunnerBase.runCompiler(IncrementalJvmCompilerRunnerBase.kt:176)
	at org.jetbrains.kotlin.incremental.IncrementalJvmCompilerRunnerBase.runCompiler(IncrementalJvmCompilerRunnerBase.kt:39)
	at org.jetbrains.kotlin.incremental.IncrementalCompilerRunner.doCompile(IncrementalCompilerRunner.kt:499)
	at org.jetbrains.kotlin.incremental.IncrementalCompilerRunner.compileImpl(IncrementalCompilerRunner.kt:416)
	at org.jetbrains.kotlin.incremental.IncrementalCompilerRunner.compileNonIncrementally(IncrementalCompilerRunner.kt:301)
	at org.jetbrains.kotlin.incremental.IncrementalCompilerRunner.compile(IncrementalCompilerRunner.kt:128)
	at org.jetbrains.kotlin.daemon.CompileServiceImplBase.execIncrementalCompiler(CompileServiceImpl.kt:684)
	at org.jetbrains.kotlin.daemon.CompileServiceImplBase.access$execIncrementalCompiler(CompileServiceImpl.kt:94)
	at org.jetbrains.kotlin.daemon.CompileServiceImpl.compile(CompileServiceImpl.kt:1810)
	at java.base/jdk.internal.reflect.DirectMethodHandleAccessor.invoke(Unknown Source)
	at java.base/java.lang.reflect.Method.invoke(Unknown Source)
	at java.rmi/sun.rmi.server.UnicastServerRef.dispatch(Unknown Source)
	at java.rmi/sun.rmi.transport.Transport$1.run(Unknown Source)
	at java.rmi/sun.rmi.transport.Transport$1.run(Unknown Source)
	at java.base/java.security.AccessController.doPrivileged(Unknown Source)
	at java.rmi/sun.rmi.transport.Transport.serviceCall(Unknown Source)
	at java.rmi/sun.rmi.transport.tcp.TCPTransport.handleMessages(Unknown Source)
	at java.rmi/sun.rmi.transport.tcp.TCPTransport$ConnectionHandler.run0(Unknown Source)
	at java.rmi/sun.rmi.transport.tcp.TCPTransport$ConnectionHandler.lambda$run$0(Unknown Source)
	at java.base/java.security.AccessController.doPrivileged(Unknown Source)
	at java.rmi/sun.rmi.transport.tcp.TCPTransport$ConnectionHandler.run(Unknown Source)
	at java.base/java.util.concurrent.ThreadPoolExecutor.runWorker(Unknown Source)
	at java.base/java.util.concurrent.ThreadPoolExecutor$Worker.run(Unknown Source)
	at java.base/java.lang.Thread.run(Unknown Source)
Caused by: java.lang.AssertionError: java.lang.OutOfMemoryError: Java heap space
	at org.jetbrains.kotlin.com.intellij.openapi.diagnostic.DefaultLogger.error(DefaultLogger.java:83)
	at org.jetbrains.kotlin.com.intellij.openapi.diagnostic.Logger.error(Logger.java:436)
	at org.jetbrains.kotlin.com.intellij.util.io.PersistentEnumeratorBase.catchCorruption(PersistentEnumeratorBase.java:694)
	at org.jetbrains.kotlin.com.intellij.util.io.PersistentEnumeratorBase.doEnumerate(PersistentEnumeratorBase.java:265)
	at org.jetbrains.kotlin.com.intellij.util.io.PersistentEnumeratorBase.tryEnumerate(PersistentEnumeratorBase.java:256)
	at org.jetbrains.kotlin.com.intellij.util.io.PersistentMapImpl.doGet(PersistentMapImpl.java:663)
	at org.jetbrains.kotlin.com.intellij.util.io.PersistentMapImpl.get(PersistentMapImpl.java:621)
	at org.jetbrains.kotlin.com.intellij.util.io.PersistentHashMap.get(PersistentHashMap.java:197)
	at org.jetbrains.kotlin.incremental.storage.LazyStorage.get(LazyStorage.kt:76)
	at org.jetbrains.kotlin.incremental.storage.InMemoryStorage.get(InMemoryStorage.kt:68)
	at org.jetbrains.kotlin.incremental.IncrementalJvmCache$ProtoMap.get(IncrementalJvmCache.kt:415)
	at org.jetbrains.kotlin.incremental.IncrementalJvmCache.getModuleMappingData(IncrementalJvmCache.kt:358)
	at org.jetbrains.kotlin.load.kotlin.incremental.IncrementalPackagePartProvider.moduleMappings_delegate$lambda$0(IncrementalPackagePartProvider.kt:43)
	at kotlin.SynchronizedLazyImpl.getValue(LazyJVM.kt:86)
	at org.jetbrains.kotlin.load.kotlin.incremental.IncrementalPackagePartProvider.getModuleMappings(IncrementalPackagePartProvider.kt:41)
	at org.jetbrains.kotlin.load.kotlin.incremental.IncrementalPackagePartProvider.allPackageNames_delegate$lambda$0(IncrementalPackagePartProvider.kt:58)
	at kotlin.SynchronizedLazyImpl.getValue(LazyJVM.kt:86)
	at org.jetbrains.kotlin.load.kotlin.incremental.IncrementalPackagePartProvider.getAllPackageNames(IncrementalPackagePartProvider.kt:55)
	at org.jetbrains.kotlin.load.kotlin.incremental.IncrementalPackagePartProvider.computePackageSetWithNonClassDeclarations(IncrementalPackagePartProvider.kt:62)
	at org.jetbrains.kotlin.fir.java.deserialization.JvmClassFileBasedSymbolProvider.computePackageSetWithNonClassDeclarations(JvmClassFileBasedSymbolProvider.kt:135)
	at org.jetbrains.kotlin.fir.deserialization.AbstractFirDeserializedSymbolProvider.packageNamesForNonClassDeclarations_delegate$lambda$0(AbstractFirDeserializedSymbolProvider.kt:108)
	at kotlin.SafePublicationLazyImpl.getValue(LazyJVM.kt:125)
	at org.jetbrains.kotlin.fir.deserialization.AbstractFirDeserializedSymbolProvider.getPackageNamesForNonClassDeclarations(AbstractFirDeserializedSymbolProvider.kt:107)
	at org.jetbrains.kotlin.fir.deserialization.AbstractFirDeserializedSymbolProvider.access$getPackageNamesForNonClassDeclarations(AbstractFirDeserializedSymbolProvider.kt:94)
	at org.jetbrains.kotlin.fir.deserialization.AbstractFirDeserializedSymbolProvider$symbolNamesProvider$1.computeTopLevelClassifierNames(AbstractFirDeserializedSymbolProvider.kt:121)
	at org.jetbrains.kotlin.fir.resolve.providers.FirCachedSymbolNamesProvider$topLevelClassifierNamesByPackage_delegate$lambda$0$$inlined$createCache$1.invoke(FirCachesFactory.kt:163)
	at org.jetbrains.kotlin.fir.resolve.providers.FirCachedSymbolNamesProvider$topLevelClassifierNamesByPackage_delegate$lambda$0$$inlined$createCache$1.invoke(FirCachesFactory.kt:147)
	at org.jetbrains.kotlin.fir.caches.FirThreadUnsafeCache.getValue(FirThreadUnsafeCachesFactory.kt:57)
	at org.jetbrains.kotlin.fir.resolve.providers.FirCachedSymbolNamesProvider.getTopLevelClassifierNamesInPackageSkippingPackageCheck(FirCachedSymbolNamesProvider.kt:189)
	at org.jetbrains.kotlin.fir.resolve.providers.FirCachedSymbolNamesProvider.getTopLevelClassifierNamesInPackage(FirCachedSymbolNamesProvider.kt:95)
	at org.jetbrains.kotlin.fir.resolve.providers.FirCompositeCachedSymbolNamesProvider.computeTopLevelClassifierNames(FirCachedSymbolNamesProvider.kt:153)
	at org.jetbrains.kotlin.fir.resolve.providers.impl.FirCachingCompositeSymbolProvider$symbolNamesProvider$1.computeTopLevelClassifierNames(FirCachingCompositeSymbolProvider.kt:47)
	at org.jetbrains.kotlin.fir.resolve.providers.FirCachedSymbolNamesProvider$topLevelClassifierNamesByPackage_delegate$lambda$0$$inlined$createCache$1.invoke(FirCachesFactory.kt:163)
	at org.jetbrains.kotlin.fir.resolve.providers.FirCachedSymbolNamesProvider$topLevelClassifierNamesByPackage_delegate$lambda$0$$inlined$createCache$1.invoke(FirCachesFactory.kt:147)
	at org.jetbrains.kotlin.fir.caches.FirThreadUnsafeCache.getValue(FirThreadUnsafeCachesFactory.kt:57)
	at org.jetbrains.kotlin.fir.resolve.providers.FirCachedSymbolNamesProvider.getTopLevelClassifierNamesInPackageSkippingPackageCheck(FirCachedSymbolNamesProvider.kt:189)
	at org.jetbrains.kotlin.fir.resolve.providers.impl.FirCachingCompositeSymbolProvider$symbolNamesProvider$1.getTopLevelClassifierNamesInPackage(FirCachingCompositeSymbolProvider.kt:81)
	at org.jetbrains.kotlin.fir.resolve.providers.FirSymbolNamesProvider.mayHaveTopLevelClassifier(FirSymbolNamesProvider.kt:109)
	at org.jetbrains.kotlin.fir.resolve.providers.impl.FirCachingCompositeSymbolProvider.getClassLikeSymbolByClassId(FirCachingCompositeSymbolProvider.kt:124)
	at org.jetbrains.kotlin.fir.scopes.impl.FirPackageMemberScope.processClassifiersByNameWithSubstitution(FirPackageMemberScope.kt:45)
	at org.jetbrains.kotlin.fir.resolve.providers.impl.FirTypeResolverImpl.resolveUserTypeToSymbol(FirTypeResolverImpl.kt:115)
	at org.jetbrains.kotlin.fir.resolve.providers.impl.FirTypeResolverImpl.resolveType(FirTypeResolverImpl.kt:386)
	at org.jetbrains.kotlin.fir.resolve.transformers.FirSpecificTypeResolverTransformer.resolveType(FirSpecificTypeResolverTransformer.kt:116)
	at org.jetbrains.kotlin.fir.resolve.transformers.FirSpecificTypeResolverTransformer.transformTypeRef(FirSpecificTypeResolverTransformer.kt:77)
	at org.jetbrains.kotlin.fir.resolve.transformers.FirSpecificTypeResolverTransformer.transformTypeRef(FirSpecificTypeResolverTransformer.kt:35)
	at org.jetbrains.kotlin.fir.visitors.FirDefaultTransformer.transformUnresolvedTypeRef(FirDefaultTransformer.kt:31)
	at org.jetbrains.kotlin.fir.visitors.FirDefaultTransformer.transformUserTypeRef(FirDefaultTransformer.kt:43)
	at org.jetbrains.kotlin.fir.resolve.transformers.plugin.AbstractFirSpecificAnnotationResolveTransformer.transformAnnotationCall(AbstractFirSpecificAnnotationResolveTransformer.kt:323)
	at org.jetbrains.kotlin.fir.resolve.transformers.plugin.AbstractFirSpecificAnnotationResolveTransformer.transformAnnotationCall(AbstractFirSpecificAnnotationResolveTransformer.kt:318)
	at org.jetbrains.kotlin.fir.resolve.transformers.plugin.AbstractFirSpecificAnnotationResolveTransformer.transformAnnotationCall(AbstractFirSpecificAnnotationResolveTransformer.kt:43)
	at org.jetbrains.kotlin.fir.expressions.FirAnnotationCall.transform(FirAnnotationCall.kt:44)
	at org.jetbrains.kotlin.fir.visitors.FirTransformerUtilKt.transformInplace(FirTransformerUtil.kt:20)
	at org.jetbrains.kotlin.fir.visitors.FirTransformerUtilKt.transformInplace-aLnlfrU(FirTransformerUtil.kt:28)
	at org.jetbrains.kotlin.fir.declarations.impl.FirSimpleFunctionImpl.transformAnnotations(FirSimpleFunctionImpl.kt:126)
	at org.jetbrains.kotlin.fir.declarations.impl.FirSimpleFunctionImpl.transformAnnotations(FirSimpleFunctionImpl.kt:32)
	at org.jetbrains.kotlin.fir.resolve.transformers.plugin.AbstractFirSpecificAnnotationResolveTransformer.transformAnnotationContainer(AbstractFirSpecificAnnotationResolveTransformer.kt:636)
	at org.jetbrains.kotlin.fir.resolve.transformers.plugin.AbstractFirSpecificAnnotationResolveTransformer.transformDeclaration(AbstractFirSpecificAnnotationResolveTransformer.kt:461)
	at org.jetbrains.kotlin.fir.resolve.transformers.plugin.AbstractFirSpecificAnnotationResolveTransformer.transformFunctionDeclarationForDeprecations(AbstractFirSpecificAnnotationResolveTransformer.kt:566)
	at org.jetbrains.kotlin.fir.resolve.transformers.plugin.AbstractFirSpecificAnnotationResolveTransformer.transformSimpleFunction(AbstractFirSpecificAnnotationResolveTransformer.kt:602)
	at org.jetbrains.kotlin.fir.resolve.transformers.plugin.AbstractFirSpecificAnnotationResolveTransformer.transformSimpleFunction(AbstractFirSpecificAnnotationResolveTransformer.kt:43)
	at org.jetbrains.kotlin.fir.declarations.FirSimpleFunction.transform(FirSimpleFunction.kt:55)
	at org.jetbrains.kotlin.fir.visitors.FirTransformerUtilKt.transformInplace(FirTransformerUtil.kt:20)
	at org.jetbrains.kotlin.fir.declarations.impl.FirFileImpl.transformDeclarations(FirFileImpl.kt:83)
	at org.jetbrains.kotlin.fir.declarations.impl.FirFileImpl.transformDeclarations(FirFileImpl.kt:29)
	at org.jetbrains.kotlin.fir.resolve.transformers.plugin.AbstractFirSpecificAnnotationResolveTransformer$transformFile$$inlined$resolveFile$1.invoke(AbstractFirSpecificAnnotationResolveTransformer.kt:712)
	at org.jetbrains.kotlin.fir.resolve.transformers.plugin.AbstractFirSpecificAnnotationResolveTransformer$transformFile$$inlined$resolveFile$1.invoke(AbstractFirSpecificAnnotationResolveTransformer.kt:481)
	at org.jetbrains.kotlin.fir.resolve.transformers.plugin.AbstractFirSpecificAnnotationResolveTransformer.withFileAndFileScopes(AbstractFirSpecificAnnotationResolveTransformer.kt:490)
	... 49 more
Caused by: java.lang.AssertionError: java.lang.OutOfMemoryError: Java heap space
	at org.jetbrains.kotlin.com.intellij.openapi.diagnostic.DefaultLogger.error(DefaultLogger.java:83)
	at org.jetbrains.kotlin.com.intellij.openapi.diagnostic.Logger.error(Logger.java:436)
	at org.jetbrains.kotlin.com.intellij.util.io.PersistentEnumeratorBase.catchCorruption(PersistentEnumeratorBase.java:689)
	at org.jetbrains.kotlin.com.intellij.util.io.PersistentEnumeratorBase.valueOf(PersistentEnumeratorBase.java:450)
	at org.jetbrains.kotlin.com.intellij.util.io.PersistentBTreeEnumerator.valueOf(PersistentBTreeEnumerator.java:779)
	at org.jetbrains.kotlin.com.intellij.util.io.PersistentEnumeratorBase.isKeyAtIndex(PersistentEnumeratorBase.java:397)
	at org.jetbrains.kotlin.com.intellij.util.io.PersistentBTreeEnumerator.enumerateImpl(PersistentBTreeEnumerator.java:596)
	at org.jetbrains.kotlin.com.intellij.util.io.PersistentEnumeratorBase.lambda$doEnumerate$0(PersistentEnumeratorBase.java:266)
	at org.jetbrains.kotlin.com.intellij.util.io.PersistentEnumeratorBase.catchCorruption(PersistentEnumeratorBase.java:671)
	... 113 more
Caused by: java.io.IOException: java.lang.OutOfMemoryError: Java heap space
	at org.jetbrains.kotlin.com.intellij.util.io.IOUtil.readString(IOUtil.java:86)
	at org.jetbrains.kotlin.incremental.storage.StringExternalizer.read(externalizers.kt:225)
	at org.jetbrains.kotlin.incremental.storage.StringExternalizer.read(externalizers.kt:223)
	at org.jetbrains.kotlin.incremental.storage.ExternalizersKt$toDescriptor$1.read(externalizers.kt)
	at org.jetbrains.kotlin.com.intellij.util.io.keyStorage.AppendableStorageBackedByResizableMappedFile.read(AppendableStorageBackedByResizableMappedFile.java:92)
	at org.jetbrains.kotlin.com.intellij.util.io.PersistentEnumeratorBase.findValueFor(PersistentEnumeratorBase.java:462)
	at org.jetbrains.kotlin.com.intellij.util.io.PersistentEnumeratorBase.lambda$valueOf$2(PersistentEnumeratorBase.java:451)
	at org.jetbrains.kotlin.com.intellij.util.io.PersistentEnumeratorBase.catchCorruption(PersistentEnumeratorBase.java:671)
	... 119 more
Caused by: java.lang.OutOfMemoryError: Java heap space


